2020-04-23 11:18:44,280 [Worker-5: Loading available Gradle versions] INFO  o.e.b.c.i.u.g.PublishedGradleVersions - Gradle version information cache is out-of-date. Trying to update.
2020-04-23 11:19:25,779 [Worker-0: Importing Maven projects] INFO  o.e.m.c.i.l.LifecycleMappingFactory - Using org.eclipse.m2e.jdt.JarLifecycleMapping lifecycle mapping for MavenProject: org.vanilladb:bench:0.4.0-2020-spring @ C:\Users\Dora\Desktop\çÏã∆desu\dataBase\db_assignment2\db20-assignment-2\bench\pom.xml.
2020-04-23 11:19:26,033 [Worker-0: Importing Maven projects] INFO  o.e.m.c.i.p.WorkspaceClassifierResolverManager - Resolving P/core-patch: org.vanilladb:core-patch:0.4.0-2020-spring with classifier  to /core-patch/target/classes
2020-04-23 11:19:26,113 [Worker-0: Importing Maven projects] INFO  o.e.m.c.i.l.LifecycleMappingFactory - Using org.eclipse.m2e.jdt.JarLifecycleMapping lifecycle mapping for MavenProject: org.vanilladb:core-patch:0.4.0-2020-spring @ C:\Users\Dora\Desktop\çÏã∆desu\dataBase\db_assignment2\db20-assignment-2\core-patch\pom.xml.
2020-04-23 11:19:26,175 [Worker-0: Importing Maven projects] INFO  o.e.m.c.i.l.LifecycleMappingFactory - Using org.eclipse.m2e.jdt.JarLifecycleMapping lifecycle mapping for MavenProject: org.vanilladb:bench:0.4.0-2020-spring @ C:\Users\Dora\Desktop\çÏã∆desu\dataBase\db_assignment2\db20-assignment-2\bench\pom.xml.
2020-04-23 11:19:26,181 [Worker-0: Importing Maven projects] INFO  o.e.m.c.i.p.WorkspaceClassifierResolverManager - Resolving P/core-patch: org.vanilladb:core-patch:0.4.0-2020-spring with classifier  to /core-patch/target/classes
2020-04-23 11:19:26,869 [Worker-0: Importing Maven projects] INFO  o.e.m.j.i.AbstractJavaProjectConfigurator - Adding source folder /core-patch/src/main/java
2020-04-23 11:19:26,870 [Worker-0: Importing Maven projects] INFO  o.e.m.j.i.AbstractJavaProjectConfigurator - Adding resource folder /core-patch/src/main/resources
2020-04-23 11:19:26,870 [Worker-0: Importing Maven projects] INFO  o.e.m.j.i.AbstractJavaProjectConfigurator - Adding source folder /core-patch/src/test/java
2020-04-23 11:19:26,986 [Worker-0: Importing Maven projects] INFO  o.e.m.j.i.AbstractJavaProjectConfigurator - Adding source folder /bench/src/main/java
2020-04-23 11:19:26,986 [Worker-0: Importing Maven projects] INFO  o.e.m.j.i.AbstractJavaProjectConfigurator - Adding resource folder /bench/src/main/resources
2020-04-23 11:19:26,988 [Worker-0: Importing Maven projects] INFO  o.e.m.j.i.AbstractJavaProjectConfigurator - Adding source folder /bench/src/test/java
2020-04-23 11:19:27,061 [Worker-0: Importing Maven projects] INFO  o.e.m.c.i.p.ProjectConfigurationManager - Imported and configured 2 project(s) in 4 sec
2020-04-23 11:19:30,671 [Worker-18: Building] WARN  o.e.m.c.i.embedder.EclipseLogger - Using platform encoding (MS932 actually) to copy filtered resources, i.e. build is platform dependent!
2020-04-23 11:19:30,679 [Worker-18: Building] INFO  o.e.m.c.i.embedder.EclipseLogger - Copying 2 resources
2020-04-23 11:19:30,719 [Worker-18: Building] WARN  o.e.m.c.i.embedder.EclipseLogger - Using platform encoding (MS932 actually) to copy filtered resources, i.e. build is platform dependent!
2020-04-23 11:19:30,721 [Worker-18: Building] INFO  o.e.m.c.i.embedder.EclipseLogger - skip non existing resourceDirectory C:\Users\Dora\Desktop\çÏã∆desu\dataBase\db_assignment2\db20-assignment-2\core-patch\src\test\resources
2020-04-23 11:19:31,721 [Worker-18: Building] INFO  o.e.m.c.i.p.WorkspaceClassifierResolverManager - Resolving P/core-patch: org.vanilladb:core-patch:0.4.0-2020-spring with classifier  to /core-patch/target/classes
2020-04-23 11:19:31,731 [Worker-18: Building] WARN  o.e.m.c.i.embedder.EclipseLogger - Using platform encoding (MS932 actually) to copy filtered resources, i.e. build is platform dependent!
2020-04-23 11:19:31,733 [Worker-18: Building] INFO  o.e.m.c.i.embedder.EclipseLogger - Copying 3 resources
2020-04-23 11:19:31,754 [Worker-18: Building] WARN  o.e.m.c.i.embedder.EclipseLogger - Using platform encoding (MS932 actually) to copy filtered resources, i.e. build is platform dependent!
2020-04-23 11:19:31,755 [Worker-18: Building] INFO  o.e.m.c.i.embedder.EclipseLogger - skip non existing resourceDirectory C:\Users\Dora\Desktop\çÏã∆desu\dataBase\db_assignment2\db20-assignment-2\bench\src\test\resources
2020-04-23 11:19:38,962 [Worker-2: Building] WARN  o.e.m.c.i.embedder.EclipseLogger - Using platform encoding (MS932 actually) to copy filtered resources, i.e. build is platform dependent!
2020-04-23 11:19:38,964 [Worker-2: Building] INFO  o.e.m.c.i.embedder.EclipseLogger - Copying 0 resource
2020-04-23 11:19:38,966 [Worker-2: Building] WARN  o.e.m.c.i.embedder.EclipseLogger - Using platform encoding (MS932 actually) to copy filtered resources, i.e. build is platform dependent!
2020-04-23 11:19:38,966 [Worker-2: Building] INFO  o.e.m.c.i.embedder.EclipseLogger - skip non existing resourceDirectory C:\Users\Dora\Desktop\çÏã∆desu\dataBase\db_assignment2\db20-assignment-2\core-patch\src\test\resources
2020-04-23 11:19:38,974 [Worker-2: Building] WARN  o.e.m.c.i.embedder.EclipseLogger - Using platform encoding (MS932 actually) to copy filtered resources, i.e. build is platform dependent!
2020-04-23 11:19:38,975 [Worker-2: Building] INFO  o.e.m.c.i.embedder.EclipseLogger - Copying 0 resource
2020-04-23 11:19:38,977 [Worker-2: Building] WARN  o.e.m.c.i.embedder.EclipseLogger - Using platform encoding (MS932 actually) to copy filtered resources, i.e. build is platform dependent!
2020-04-23 11:19:38,977 [Worker-2: Building] INFO  o.e.m.c.i.embedder.EclipseLogger - skip non existing resourceDirectory C:\Users\Dora\Desktop\çÏã∆desu\dataBase\db_assignment2\db20-assignment-2\bench\src\test\resources
2020-04-23 15:28:46,936 [Worker-94: Building] WARN  o.e.m.c.i.embedder.EclipseLogger - Using platform encoding (MS932 actually) to copy filtered resources, i.e. build is platform dependent!
2020-04-23 15:28:46,952 [Worker-94: Building] INFO  o.e.m.c.i.embedder.EclipseLogger - Copying 1 resource
2020-04-23 15:28:46,965 [Worker-94: Building] WARN  o.e.m.c.i.embedder.EclipseLogger - Using platform encoding (MS932 actually) to copy filtered resources, i.e. build is platform dependent!
2020-04-23 15:28:46,966 [Worker-94: Building] INFO  o.e.m.c.i.embedder.EclipseLogger - skip non existing resourceDirectory C:\Users\Dora\Desktop\çÏã∆desu\dataBase\db_assignment2\db20-assignment-2\bench\src\test\resources
2020-04-30 12:25:11,182 [Worker-5: Loading available Gradle versions] INFO  o.e.b.c.i.u.g.PublishedGradleVersions - Gradle version information cache is up-to-date. Trying to read.
2020-04-30 12:25:16,552 [Worker-9: Building] INFO  o.e.m.c.i.p.WorkspaceClassifierResolverManager - Resolving P/core-patch: org.vanilladb:core-patch:0.4.0-2020-spring with classifier  to /core-patch/target/classes
2020-04-30 12:25:17,468 [Worker-9: Building] WARN  o.e.m.c.i.embedder.EclipseLogger - Using platform encoding (MS932 actually) to copy filtered resources, i.e. build is platform dependent!
2020-04-30 12:25:17,483 [Worker-9: Building] INFO  o.e.m.c.i.embedder.EclipseLogger - Copying 3 resources
2020-04-30 12:25:17,499 [Worker-9: Building] WARN  o.e.m.c.i.embedder.EclipseLogger - Using platform encoding (MS932 actually) to copy filtered resources, i.e. build is platform dependent!
2020-04-30 12:25:17,501 [Worker-9: Building] INFO  o.e.m.c.i.embedder.EclipseLogger - skip non existing resourceDirectory C:\Users\Dora\Desktop\çÏã∆desu\dataBase\db_assignment2\db20-assignment-2\bench\src\test\resources
2020-04-30 15:59:14,855 [Worker-3: Loading available Gradle versions] INFO  o.e.b.c.i.u.g.PublishedGradleVersions - Gradle version information cache is out-of-date. Trying to update.
